c:\users\user\desktop\portfolio\realtime3dtechniquesforgames\collisionsassignment\collision\release\vc142.pdb
c:\users\user\desktop\portfolio\realtime3dtechniquesforgames\collisionsassignment\collision\release\heightmap.obj
c:\users\user\desktop\portfolio\realtime3dtechniquesforgames\collisionsassignment\collision\release\collisions.obj
c:\users\user\desktop\portfolio\realtime3dtechniquesforgames\collisionsassignment\collision\release\ballmanager.obj
c:\users\user\desktop\portfolio\realtime3dtechniquesforgames\collisionsassignment\collision\release\ball.obj
c:\users\user\desktop\portfolio\realtime3dtechniquesforgames\collisionsassignment\collision\release\application.obj
c:\users\user\desktop\portfolio\realtime3dtechniquesforgames\collisionsassignment\collision\release\imgui_widgets.obj
c:\users\user\desktop\portfolio\realtime3dtechniquesforgames\collisionsassignment\collision\release\imgui_impl_win32.obj
c:\users\user\desktop\portfolio\realtime3dtechniquesforgames\collisionsassignment\collision\release\imgui_impl_dx11.obj
c:\users\user\desktop\portfolio\realtime3dtechniquesforgames\collisionsassignment\collision\release\imgui_draw.obj
c:\users\user\desktop\portfolio\realtime3dtechniquesforgames\collisionsassignment\collision\release\imgui.obj
c:\users\user\desktop\portfolio\realtime3dtechniquesforgames\collisionsassignment\collision\release\collision.ipdb
c:\users\user\desktop\portfolio\realtime3dtechniquesforgames\collisionsassignment\collision\release\collision.iobj
c:\users\user\desktop\portfolio\realtime3dtechniquesforgames\collisionsassignment\collision\.o
c:\users\user\desktop\portfolio\realtime3dtechniquesforgames\collisionsassignment\collision\release\collision.exe
c:\users\user\desktop\portfolio\realtime3dtechniquesforgames\collisionsassignment\collision\release\collision.pdb
c:\users\user\desktop\portfolio\realtime3dtechniquesforgames\collisionsassignment\collision\release\collision.tlog\cl.command.1.tlog
c:\users\user\desktop\portfolio\realtime3dtechniquesforgames\collisionsassignment\collision\release\collision.tlog\cl.read.1.tlog
c:\users\user\desktop\portfolio\realtime3dtechniquesforgames\collisionsassignment\collision\release\collision.tlog\cl.write.1.tlog
c:\users\user\desktop\portfolio\realtime3dtechniquesforgames\collisionsassignment\collision\release\collision.tlog\collision.write.1u.tlog
c:\users\user\desktop\portfolio\realtime3dtechniquesforgames\collisionsassignment\collision\release\collision.tlog\custombuild.command.1.tlog
c:\users\user\desktop\portfolio\realtime3dtechniquesforgames\collisionsassignment\collision\release\collision.tlog\custombuild.read.1.tlog
c:\users\user\desktop\portfolio\realtime3dtechniquesforgames\collisionsassignment\collision\release\collision.tlog\custombuild.write.1.tlog
c:\users\user\desktop\portfolio\realtime3dtechniquesforgames\collisionsassignment\collision\release\collision.tlog\link.command.1.tlog
c:\users\user\desktop\portfolio\realtime3dtechniquesforgames\collisionsassignment\collision\release\collision.tlog\link.read.1.tlog
c:\users\user\desktop\portfolio\realtime3dtechniquesforgames\collisionsassignment\collision\release\collision.tlog\link.write.1.tlog
